# JRE version: Java(TM) SE Runtime Environment (8.0_66-b17) (build 1.8.0_66-b17)
# Java VM: Java HotSpot(TM) 64-Bit Server VM (25.66-b17 mixed mode bsd-amd64 compressed oops)
Heap:
 PSYoungGen      total 1120256K, used 365270K [0x000000076ab00000, 0x00000007c0000000, 0x00000007c0000000)
  eden space 868864K, 17% used [0x000000076ab00000,0x0000000774261a80,0x000000079fb80000)
  from space 251392K, 83% used [0x000000079fb80000,0x00000007ac8d3e00,0x00000007af100000)
  to   space 270848K, 0% used [0x00000007af780000,0x00000007af780000,0x00000007c0000000)
 ParOldGen       total 1821696K, used 1320785K [0x00000006c0000000, 0x000000072f300000, 0x000000076ab00000)
  object space 1821696K, 72% used [0x00000006c0000000,0x00000007109d44d0,0x000000072f300000)
 Metaspace       used 23397K, capacity 24316K, committed 24448K, reserved 1071104K
  class space    used 2872K, capacity 3088K, committed 3200K, reserved 1048576K
GC Heap History (10 events):
Event: 52.895 GC heap before
{Heap before GC invocations=73 (full 13):
 PSYoungGen      total 1071616K, used 778752K [0x000000076ab00000, 0x00000007beb80000, 0x00000007c0000000)
  eden space 778752K, 100% used [0x000000076ab00000,0x000000079a380000,0x000000079a380000)
  from space 292864K, 0% used [0x000000079a380000,0x000000079a380000,0x00000007ac180000)
  to   space 280064K, 0% used [0x00000007ada00000,0x00000007ada00000,0x00000007beb80000)
 ParOldGen       total 1391616K, used 915262K [0x00000006c0000000, 0x0000000714f00000, 0x000000076ab00000)
  object space 1391616K, 65% used [0x00000006c0000000,0x00000006f7dcf8a0,0x0000000714f00000)
 Metaspace       used 23336K, capacity 24266K, committed 24448K, reserved 1071104K
  class space    used 2864K, capacity 3077K, committed 3200K, reserved 1048576K
Event: 52.910 GC heap after
Heap after GC invocations=73 (full 13):
 PSYoungGen      total 1091584K, used 104559K [0x000000076ab00000, 0x00000007bde80000, 0x00000007c0000000)
  eden space 824832K, 0% used [0x000000076ab00000,0x000000076ab00000,0x000000079d080000)
  from space 266752K, 39% used [0x00000007ada00000,0x00000007b401be08,0x00000007bde80000)
  to   space 269312K, 0% used [0x000000079d080000,0x000000079d080000,0x00000007ad780000)
 ParOldGen       total 1391616K, used 915270K [0x00000006c0000000, 0x0000000714f00000, 0x000000076ab00000)
  object space 1391616K, 65% used [0x00000006c0000000,0x00000006f7dd18a0,0x0000000714f00000)
 Metaspace       used 23336K, capacity 24266K, committed 24448K, reserved 1071104K
  class space    used 2864K, capacity 3077K, committed 3200K, reserved 1048576K
}
Event: 53.196 GC heap before
{Heap before GC invocations=74 (full 13):
 PSYoungGen      total 1091584K, used 929391K [0x000000076ab00000, 0x00000007bde80000, 0x00000007c0000000)
  eden space 824832K, 100% used [0x000000076ab00000,0x000000079d080000,0x000000079d080000)
  from space 266752K, 39% used [0x00000007ada00000,0x00000007b401be08,0x00000007bde80000)
  to   space 269312K, 0% used [0x000000079d080000,0x000000079d080000,0x00000007ad780000)
 ParOldGen       total 1391616K, used 971463K [0x00000006c0000000, 0x0000000714f00000, 0x000000076ab00000)
  object space 1391616K, 69% used [0x00000006c0000000,0x00000006fb4b1ff0,0x0000000714f00000)
 Metaspace       used 23336K, capacity 24266K, committed 24448K, reserved 1071104K
  class space    used 2864K, capacity 3077K, committed 3200K, reserved 1048576K
Event: 53.216 GC heap after
Heap after GC invocations=74 (full 13):
 PSYoungGen      total 1094144K, used 103513K [0x000000076ab00000, 0x00000007bef80000, 0x00000007c0000000)
  eden space 824832K, 0% used [0x000000076ab00000,0x000000076ab00000,0x000000079d080000)
  from space 269312K, 38% used [0x000000079d080000,0x00000007a3596450,0x00000007ad780000)
  to   space 259584K, 0% used [0x00000007af200000,0x00000007af200000,0x00000007bef80000)
 ParOldGen       total 1391616K, used 1008339K [0x00000006c0000000, 0x0000000714f00000, 0x000000076ab00000)
  object space 1391616K, 72% used [0x00000006c0000000,0x00000006fd8b4eb0,0x0000000714f00000)
 Metaspace       used 23336K, capacity 24266K, committed 24448K, reserved 1071104K
  class space    used 2864K, capacity 3077K, committed 3200K, reserved 1048576K
}
Event: 54.020 GC heap before
{Heap before GC invocations=75 (full 13):
 PSYoungGen      total 1094144K, used 928345K [0x000000076ab00000, 0x00000007bef80000, 0x00000007c0000000)
  eden space 824832K, 100% used [0x000000076ab00000,0x000000079d080000,0x000000079d080000)
  from space 269312K, 38% used [0x000000079d080000,0x00000007a3596450,0x00000007ad780000)
  to   space 259584K, 0% used [0x00000007af200000,0x00000007af200000,0x00000007bef80000)
 ParOldGen       total 1391616K, used 1085923K [0x00000006c0000000, 0x0000000714f00000, 0x000000076ab00000)
  object space 1391616K, 78% used [0x00000006c0000000,0x0000000702478f60,0x0000000714f00000)
 Metaspace       used 23371K, capacity 24290K, committed 24448K, reserved 1071104K
  class space    used 2867K, capacity 3081K, committed 3200K, reserved 1048576K
Event: 54.048 GC heap after
Heap after GC invocations=75 (full 13):
 PSYoungGen      total 1119232K, used 95809K [0x000000076ab00000, 0x00000007be680000, 0x00000007c0000000)
  eden space 868864K, 0% used [0x000000076ab00000,0x000000076ab00000,0x000000079fb80000)
  from space 250368K, 38% used [0x00000007af200000,0x00000007b4f90450,0x00000007be680000)
  to   space 251392K, 0% used [0x000000079fb80000,0x000000079fb80000,0x00000007af100000)
 ParOldGen       total 1391616K, used 1137581K [0x00000006c0000000, 0x0000000714f00000, 0x000000076ab00000)
  object space 1391616K, 81% used [0x00000006c0000000,0x00000007056eb7c0,0x0000000714f00000)
 Metaspace       used 23371K, capacity 24290K, committed 24448K, reserved 1071104K
  class space    used 2867K, capacity 3081K, committed 3200K, reserved 1048576K
}
Event: 54.485 GC heap before
{Heap before GC invocations=76 (full 14):
 PSYoungGen      total 1119232K, used 964673K [0x000000076ab00000, 0x00000007be680000, 0x00000007c0000000)
  eden space 868864K, 100% used [0x000000076ab00000,0x000000079fb80000,0x000000079fb80000)
  from space 250368K, 38% used [0x00000007af200000,0x00000007b4f90450,0x00000007be680000)
  to   space 251392K, 0% used [0x000000079fb80000,0x000000079fb80000,0x00000007af100000)
 ParOldGen       total 1391616K, used 1291308K [0x00000006c0000000, 0x0000000714f00000, 0x000000076ab00000)
  object space 1391616K, 92% used [0x00000006c0000000,0x000000070ed0b048,0x0000000714f00000)
 Metaspace       used 23372K, capacity 24290K, committed 24448K, reserved 1071104K
  class space    used 2867K, capacity 3081K, committed 3200K, reserved 1048576K
Event: 54.579 GC heap after
Heap after GC invocations=76 (full 14):
 PSYoungGen      total 1119232K, used 0K [0x000000076ab00000, 0x00000007be680000, 0x00000007c0000000)
  eden space 868864K, 0% used [0x000000076ab00000,0x000000076ab00000,0x000000079fb80000)
  from space 250368K, 0% used [0x00000007af200000,0x00000007af200000,0x00000007be680000)
  to   space 251392K, 0% used [0x000000079fb80000,0x000000079fb80000,0x00000007af100000)
 ParOldGen       total 1821696K, used 1307899K [0x00000006c0000000, 0x000000072f300000, 0x000000076ab00000)
  object space 1821696K, 71% used [0x00000006c0000000,0x000000070fd3ef60,0x000000072f300000)
 Metaspace       used 23372K, capacity 24290K, committed 24448K, reserved 1071104K
  class space    used 2867K, capacity 3081K, committed 3200K, reserved 1048576K
}
Event: 56.258 GC heap before
{Heap before GC invocations=77 (full 14):
 PSYoungGen      total 1119232K, used 868864K [0x000000076ab00000, 0x00000007be680000, 0x00000007c0000000)
  eden space 868864K, 100% used [0x000000076ab00000,0x000000079fb80000,0x000000079fb80000)
  from space 250368K, 0% used [0x00000007af200000,0x00000007af200000,0x00000007be680000)
  to   space 251392K, 0% used [0x000000079fb80000,0x000000079fb80000,0x00000007af100000)
 ParOldGen       total 1821696K, used 1320777K [0x00000006c0000000, 0x000000072f300000, 0x000000076ab00000)
  object space 1821696K, 72% used [0x00000006c0000000,0x00000007109d24d0,0x000000072f300000)
 Metaspace       used 23397K, capacity 24316K, committed 24448K, reserved 1071104K
  class space    used 2872K, capacity 3088K, committed 3200K, reserved 1048576K
Event: 56.300 GC heap after
Heap after GC invocations=77 (full 14):
 PSYoungGen      total 1120256K, used 210255K [0x000000076ab00000, 0x00000007c0000000, 0x00000007c0000000)
  eden space 868864K, 0% used [0x000000076ab00000,0x000000076ab00000,0x000000079fb80000)
  from space 251392K, 83% used [0x000000079fb80000,0x00000007ac8d3e00,0x00000007af100000)
  to   space 270848K, 0% used [0x00000007af780000,0x00000007af780000,0x00000007c0000000)
 ParOldGen       total 1821696K, used 1320785K [0x00000006c0000000, 0x000000072f300000, 0x000000076ab00000)
  object space 1821696K, 72% used [0x00000006c0000000,0x00000007109d44d0,0x000000072f300000)
 Metaspace       used 23397K, capacity 24316K, committed 24448K, reserved 1071104K
  class space    used 2872K, capacity 3088K, committed 3200K, reserved 1048576K
}

