# JRE version: Java(TM) SE Runtime Environment (8.0_66-b17) (build 1.8.0_66-b17)
# Java VM: Java HotSpot(TM) 64-Bit Server VM (25.66-b17 mixed mode bsd-amd64 compressed oops)
Heap:
 PSYoungGen      total 1365504K, used 1095544K [0x000000076ab00000, 0x00000007bf900000, 0x00000007c0000000)
  eden space 1342464K, 81% used [0x000000076ab00000,0x00000007ad6f72d0,0x00000007bca00000)
  from space 23040K, 8% used [0x00000007be280000,0x00000007be466ed8,0x00000007bf900000)
  to   space 24064K, 0% used [0x00000007bca00000,0x00000007bca00000,0x00000007be180000)
 ParOldGen       total 751616K, used 397536K [0x00000006c0000000, 0x00000006ede00000, 0x000000076ab00000)
  object space 751616K, 52% used [0x00000006c0000000,0x00000006d8438218,0x00000006ede00000)
 Metaspace       used 24082K, capacity 25246K, committed 25472K, reserved 1071104K
  class space    used 3139K, capacity 3383K, committed 3456K, reserved 1048576K
GC Heap History (10 events):
Event: 74.859 GC heap before
{Heap before GC invocations=111 (full 7):
 PSYoungGen      total 1350144K, used 1311904K [0x000000076ab00000, 0x00000007bfc00000, 0x00000007c0000000)
  eden space 1311744K, 100% used [0x000000076ab00000,0x00000007bac00000,0x00000007bac00000)
  from space 38400K, 0% used [0x00000007bac00000,0x00000007bac28000,0x00000007bd180000)
  to   space 35840K, 0% used [0x00000007bd900000,0x00000007bd900000,0x00000007bfc00000)
 ParOldGen       total 751616K, used 397488K [0x00000006c0000000, 0x00000006ede00000, 0x000000076ab00000)
  object space 751616K, 52% used [0x00000006c0000000,0x00000006d842c218,0x00000006ede00000)
 Metaspace       used 23747K, capacity 24886K, committed 25216K, reserved 1071104K
  class space    used 3105K, capacity 3355K, committed 3456K, reserved 1048576K
Event: 74.860 GC heap after
Heap after GC invocations=111 (full 7):
 PSYoungGen      total 1355776K, used 128K [0x000000076ab00000, 0x00000007bf880000, 0x00000007c0000000)
  eden space 1323520K, 0% used [0x000000076ab00000,0x000000076ab00000,0x00000007bb780000)
  from space 32256K, 0% used [0x00000007bd900000,0x00000007bd920000,0x00000007bf880000)
  to   space 33280K, 0% used [0x00000007bb780000,0x00000007bb780000,0x00000007bd800000)
 ParOldGen       total 751616K, used 397488K [0x00000006c0000000, 0x00000006ede00000, 0x000000076ab00000)
  object space 751616K, 52% used [0x00000006c0000000,0x00000006d842c218,0x00000006ede00000)
 Metaspace       used 23747K, capacity 24886K, committed 25216K, reserved 1071104K
  class space    used 3105K, capacity 3355K, committed 3456K, reserved 1048576K
}
Event: 74.877 GC heap before
{Heap before GC invocations=112 (full 7):
 PSYoungGen      total 1355776K, used 1323648K [0x000000076ab00000, 0x00000007bf880000, 0x00000007c0000000)
  eden space 1323520K, 100% used [0x000000076ab00000,0x00000007bb780000,0x00000007bb780000)
  from space 32256K, 0% used [0x00000007bd900000,0x00000007bd920000,0x00000007bf880000)
  to   space 33280K, 0% used [0x00000007bb780000,0x00000007bb780000,0x00000007bd800000)
 ParOldGen       total 751616K, used 397488K [0x00000006c0000000, 0x00000006ede00000, 0x000000076ab00000)
  object space 751616K, 52% used [0x00000006c0000000,0x00000006d842c218,0x00000006ede00000)
 Metaspace       used 23747K, capacity 24886K, committed 25216K, reserved 1071104K
  class space    used 3105K, capacity 3355K, committed 3456K, reserved 1048576K
Event: 74.879 GC heap after
Heap after GC invocations=112 (full 7):
 PSYoungGen      total 1356800K, used 192K [0x000000076ab00000, 0x00000007bfc00000, 0x00000007c0000000)
  eden space 1323520K, 0% used [0x000000076ab00000,0x000000076ab00000,0x00000007bb780000)
  from space 33280K, 0% used [0x00000007bb780000,0x00000007bb7b0000,0x00000007bd800000)
  to   space 30720K, 0% used [0x00000007bde00000,0x00000007bde00000,0x00000007bfc00000)
 ParOldGen       total 751616K, used 397528K [0x00000006c0000000, 0x00000006ede00000, 0x000000076ab00000)
  object space 751616K, 52% used [0x00000006c0000000,0x00000006d8436218,0x00000006ede00000)
 Metaspace       used 23747K, capacity 24886K, committed 25216K, reserved 1071104K
  class space    used 3105K, capacity 3355K, committed 3456K, reserved 1048576K
}
Event: 74.940 GC heap before
{Heap before GC invocations=113 (full 7):
 PSYoungGen      total 1356800K, used 1323712K [0x000000076ab00000, 0x00000007bfc00000, 0x00000007c0000000)
  eden space 1323520K, 100% used [0x000000076ab00000,0x00000007bb780000,0x00000007bb780000)
  from space 33280K, 0% used [0x00000007bb780000,0x00000007bb7b0000,0x00000007bd800000)
  to   space 30720K, 0% used [0x00000007bde00000,0x00000007bde00000,0x00000007bfc00000)
 ParOldGen       total 751616K, used 397528K [0x00000006c0000000, 0x00000006ede00000, 0x000000076ab00000)
  object space 751616K, 52% used [0x00000006c0000000,0x00000006d8436218,0x00000006ede00000)
 Metaspace       used 23747K, capacity 24886K, committed 25216K, reserved 1071104K
  class space    used 3105K, capacity 3355K, committed 3456K, reserved 1048576K
Event: 74.942 GC heap after
Heap after GC invocations=113 (full 7):
 PSYoungGen      total 1361920K, used 160K [0x000000076ab00000, 0x00000007bf980000, 0x00000007c0000000)
  eden space 1333760K, 0% used [0x000000076ab00000,0x000000076ab00000,0x00000007bc180000)
  from space 28160K, 0% used [0x00000007bde00000,0x00000007bde28000,0x00000007bf980000)
  to   space 28672K, 0% used [0x00000007bc180000,0x00000007bc180000,0x00000007bdd80000)
 ParOldGen       total 751616K, used 397528K [0x00000006c0000000, 0x00000006ede00000, 0x000000076ab00000)
  object space 751616K, 52% used [0x00000006c0000000,0x00000006d8436218,0x00000006ede00000)
 Metaspace       used 23747K, capacity 24886K, committed 25216K, reserved 1071104K
  class space    used 3105K, capacity 3355K, committed 3456K, reserved 1048576K
}
Event: 74.960 GC heap before
{Heap before GC invocations=114 (full 7):
 PSYoungGen      total 1361920K, used 1333920K [0x000000076ab00000, 0x00000007bf980000, 0x00000007c0000000)
  eden space 1333760K, 100% used [0x000000076ab00000,0x00000007bc180000,0x00000007bc180000)
  from space 28160K, 0% used [0x00000007bde00000,0x00000007bde28000,0x00000007bf980000)
  to   space 28672K, 0% used [0x00000007bc180000,0x00000007bc180000,0x00000007bdd80000)
 ParOldGen       total 751616K, used 397528K [0x00000006c0000000, 0x00000006ede00000, 0x000000076ab00000)
  object space 751616K, 52% used [0x00000006c0000000,0x00000006d8436218,0x00000006ede00000)
 Metaspace       used 23747K, capacity 24886K, committed 25216K, reserved 1071104K
  class space    used 3105K, capacity 3355K, committed 3456K, reserved 1048576K
Event: 74.961 GC heap after
Heap after GC invocations=114 (full 7):
 PSYoungGen      total 1362432K, used 96K [0x000000076ab00000, 0x00000007bfc80000, 0x00000007c0000000)
  eden space 1333760K, 0% used [0x000000076ab00000,0x000000076ab00000,0x00000007bc180000)
  from space 28672K, 0% used [0x00000007bc180000,0x00000007bc198000,0x00000007bdd80000)
  to   space 26624K, 0% used [0x00000007be280000,0x00000007be280000,0x00000007bfc80000)
 ParOldGen       total 751616K, used 397528K [0x00000006c0000000, 0x00000006ede00000, 0x000000076ab00000)
  object space 751616K, 52% used [0x00000006c0000000,0x00000006d8436218,0x00000006ede00000)
 Metaspace       used 23747K, capacity 24886K, committed 25216K, reserved 1071104K
  class space    used 3105K, capacity 3355K, committed 3456K, reserved 1048576K
}
Event: 89.323 GC heap before
{Heap before GC invocations=115 (full 7):
 PSYoungGen      total 1362432K, used 1333856K [0x000000076ab00000, 0x00000007bfc80000, 0x00000007c0000000)
  eden space 1333760K, 100% used [0x000000076ab00000,0x00000007bc180000,0x00000007bc180000)
  from space 28672K, 0% used [0x00000007bc180000,0x00000007bc198000,0x00000007bdd80000)
  to   space 26624K, 0% used [0x00000007be280000,0x00000007be280000,0x00000007bfc80000)
 ParOldGen       total 751616K, used 397528K [0x00000006c0000000, 0x00000006ede00000, 0x000000076ab00000)
  object space 751616K, 52% used [0x00000006c0000000,0x00000006d8436218,0x00000006ede00000)
 Metaspace       used 23978K, capacity 25172K, committed 25472K, reserved 1071104K
  class space    used 3134K, capacity 3382K, committed 3456K, reserved 1048576K
Event: 89.326 GC heap after
Heap after GC invocations=115 (full 7):
 PSYoungGen      total 1365504K, used 1947K [0x000000076ab00000, 0x00000007bf900000, 0x00000007c0000000)
  eden space 1342464K, 0% used [0x000000076ab00000,0x000000076ab00000,0x00000007bca00000)
  from space 23040K, 8% used [0x00000007be280000,0x00000007be466ed8,0x00000007bf900000)
  to   space 24064K, 0% used [0x00000007bca00000,0x00000007bca00000,0x00000007be180000)
 ParOldGen       total 751616K, used 397536K [0x00000006c0000000, 0x00000006ede00000, 0x000000076ab00000)
  object space 751616K, 52% used [0x00000006c0000000,0x00000006d8438218,0x00000006ede00000)
 Metaspace       used 23978K, capacity 25172K, committed 25472K, reserved 1071104K
  class space    used 3134K, capacity 3382K, committed 3456K, reserved 1048576K
}

