# JRE version: Java(TM) SE Runtime Environment (8.0_102-b14) (build 1.8.0_102-b14)
# Java VM: Java HotSpot(TM) 64-Bit Server VM (25.102-b14 mixed mode bsd-amd64 compressed oops)
Heap:
 PSYoungGen      total 698368K, used 547807K [0x000000076ab00000, 0x000000079ac80000, 0x00000007c0000000)
  eden space 640000K, 76% used [0x000000076ab00000,0x00000007889c9b78,0x0000000791c00000)
  from space 58368K, 98% used [0x0000000795f00000,0x000000079972e370,0x0000000799800000)
  to   space 68608K, 0% used [0x0000000791c00000,0x0000000791c00000,0x0000000795f00000)
 ParOldGen       total 551424K, used 243158K [0x00000006c0000000, 0x00000006e1a80000, 0x000000076ab00000)
  object space 551424K, 44% used [0x00000006c0000000,0x00000006ced759d0,0x00000006e1a80000)
 Metaspace       used 23507K, capacity 24524K, committed 24832K, reserved 1071104K
  class space    used 2989K, capacity 3233K, committed 3328K, reserved 1048576K
GC Heap History (10 events):
Event: 9.402 GC heap before
{Heap before GC invocations=39 (full 4):
 PSYoungGen      total 582656K, used 516166K [0x000000076ab00000, 0x0000000793b00000, 0x00000007c0000000)
  eden space 536576K, 96% used [0x000000076ab00000,0x000000078a311a80,0x000000078b700000)
  from space 46080K, 0% used [0x000000078ea80000,0x000000078ea80000,0x0000000791780000)
  to   space 52736K, 0% used [0x000000078b700000,0x000000078b700000,0x000000078ea80000)
 ParOldGen       total 447488K, used 198001K [0x00000006c0000000, 0x00000006db500000, 0x000000076ab00000)
  object space 447488K, 44% used [0x00000006c0000000,0x00000006cc15c578,0x00000006db500000)
 Metaspace       used 23337K, capacity 24388K, committed 24576K, reserved 1071104K
  class space    used 2986K, capacity 3233K, committed 3328K, reserved 1048576K
Event: 9.448 GC heap after
Heap after GC invocations=39 (full 4):
 PSYoungGen      total 589312K, used 41969K [0x000000076ab00000, 0x0000000796c80000, 0x00000007c0000000)
  eden space 536576K, 0% used [0x000000076ab00000,0x000000076ab00000,0x000000078b700000)
  from space 52736K, 79% used [0x000000078b700000,0x000000078dffc4f8,0x000000078ea80000)
  to   space 58880K, 0% used [0x0000000793300000,0x0000000793300000,0x0000000796c80000)
 ParOldGen       total 447488K, used 381722K [0x00000006c0000000, 0x00000006db500000, 0x000000076ab00000)
  object space 447488K, 85% used [0x00000006c0000000,0x00000006d74c6a80,0x00000006db500000)
 Metaspace       used 23337K, capacity 24388K, committed 24576K, reserved 1071104K
  class space    used 2986K, capacity 3233K, committed 3328K, reserved 1048576K
}
Event: 9.448 GC heap before
{Heap before GC invocations=40 (full 5):
 PSYoungGen      total 589312K, used 41969K [0x000000076ab00000, 0x0000000796c80000, 0x00000007c0000000)
  eden space 536576K, 0% used [0x000000076ab00000,0x000000076ab00000,0x000000078b700000)
  from space 52736K, 79% used [0x000000078b700000,0x000000078dffc4f8,0x000000078ea80000)
  to   space 58880K, 0% used [0x0000000793300000,0x0000000793300000,0x0000000796c80000)
 ParOldGen       total 447488K, used 381722K [0x00000006c0000000, 0x00000006db500000, 0x000000076ab00000)
  object space 447488K, 85% used [0x00000006c0000000,0x00000006d74c6a80,0x00000006db500000)
 Metaspace       used 23337K, capacity 24388K, committed 24576K, reserved 1071104K
  class space    used 2986K, capacity 3233K, committed 3328K, reserved 1048576K
Event: 9.482 GC heap after
Heap after GC invocations=40 (full 5):
 PSYoungGen      total 589312K, used 0K [0x000000076ab00000, 0x0000000796c80000, 0x00000007c0000000)
  eden space 536576K, 0% used [0x000000076ab00000,0x000000076ab00000,0x000000078b700000)
  from space 52736K, 0% used [0x000000078b700000,0x000000078b700000,0x000000078ea80000)
  to   space 58880K, 0% used [0x0000000793300000,0x0000000793300000,0x0000000796c80000)
 ParOldGen       total 551424K, used 197109K [0x00000006c0000000, 0x00000006e1a80000, 0x000000076ab00000)
  object space 551424K, 35% used [0x00000006c0000000,0x00000006cc07d680,0x00000006e1a80000)
 Metaspace       used 23337K, capacity 24388K, committed 24576K, reserved 1071104K
  class space    used 2986K, capacity 3233K, committed 3328K, reserved 1048576K
}
Event: 9.978 GC heap before
{Heap before GC invocations=41 (full 5):
 PSYoungGen      total 589312K, used 536576K [0x000000076ab00000, 0x0000000796c80000, 0x00000007c0000000)
  eden space 536576K, 100% used [0x000000076ab00000,0x000000078b700000,0x000000078b700000)
  from space 52736K, 0% used [0x000000078b700000,0x000000078b700000,0x000000078ea80000)
  to   space 58880K, 0% used [0x0000000793300000,0x0000000793300000,0x0000000796c80000)
 ParOldGen       total 551424K, used 197109K [0x00000006c0000000, 0x00000006e1a80000, 0x000000076ab00000)
  object space 551424K, 35% used [0x00000006c0000000,0x00000006cc07d680,0x00000006e1a80000)
 Metaspace       used 23419K, capacity 24460K, committed 24576K, reserved 1071104K
  class space    used 2987K, capacity 3233K, committed 3328K, reserved 1048576K
Event: 9.997 GC heap after
Heap after GC invocations=41 (full 5):
 PSYoungGen      total 644096K, used 28434K [0x000000076ab00000, 0x0000000796300000, 0x00000007c0000000)
  eden space 594944K, 0% used [0x000000076ab00000,0x000000076ab00000,0x000000078f000000)
  from space 49152K, 57% used [0x0000000793300000,0x0000000794ec4b08,0x0000000796300000)
  to   space 58880K, 0% used [0x000000078f000000,0x000000078f000000,0x0000000792980000)
 ParOldGen       total 551424K, used 197117K [0x00000006c0000000, 0x00000006e1a80000, 0x000000076ab00000)
  object space 551424K, 35% used [0x00000006c0000000,0x00000006cc07f680,0x00000006e1a80000)
 Metaspace       used 23419K, capacity 24460K, committed 24576K, reserved 1071104K
  class space    used 2987K, capacity 3233K, committed 3328K, reserved 1048576K
}
Event: 10.681 GC heap before
{Heap before GC invocations=42 (full 5):
 PSYoungGen      total 644096K, used 623378K [0x000000076ab00000, 0x0000000796300000, 0x00000007c0000000)
  eden space 594944K, 100% used [0x000000076ab00000,0x000000078f000000,0x000000078f000000)
  from space 49152K, 57% used [0x0000000793300000,0x0000000794ec4b08,0x0000000796300000)
  to   space 58880K, 0% used [0x000000078f000000,0x000000078f000000,0x0000000792980000)
 ParOldGen       total 551424K, used 197117K [0x00000006c0000000, 0x00000006e1a80000, 0x000000076ab00000)
  object space 551424K, 35% used [0x00000006c0000000,0x00000006cc07f680,0x00000006e1a80000)
 Metaspace       used 23492K, capacity 24524K, committed 24832K, reserved 1071104K
  class space    used 2987K, capacity 3233K, committed 3328K, reserved 1048576K
Event: 10.686 GC heap after
Heap after GC invocations=42 (full 5):
 PSYoungGen      total 653824K, used 28182K [0x000000076ab00000, 0x0000000799800000, 0x00000007c0000000)
  eden space 594944K, 0% used [0x000000076ab00000,0x000000076ab00000,0x000000078f000000)
  from space 58880K, 47% used [0x000000078f000000,0x0000000790b85a08,0x0000000792980000)
  to   space 58368K, 0% used [0x0000000795f00000,0x0000000795f00000,0x0000000799800000)
 ParOldGen       total 551424K, used 197117K [0x00000006c0000000, 0x00000006e1a80000, 0x000000076ab00000)
  object space 551424K, 35% used [0x00000006c0000000,0x00000006cc07f680,0x00000006e1a80000)
 Metaspace       used 23492K, capacity 24524K, committed 24832K, reserved 1071104K
  class space    used 2987K, capacity 3233K, committed 3328K, reserved 1048576K
}
Event: 11.088 GC heap before
{Heap before GC invocations=43 (full 5):
 PSYoungGen      total 653824K, used 612269K [0x000000076ab00000, 0x0000000799800000, 0x00000007c0000000)
  eden space 594944K, 98% used [0x000000076ab00000,0x000000078e565a60,0x000000078f000000)
  from space 58880K, 47% used [0x000000078f000000,0x0000000790b85a08,0x0000000792980000)
  to   space 58368K, 0% used [0x0000000795f00000,0x0000000795f00000,0x0000000799800000)
 ParOldGen       total 551424K, used 213175K [0x00000006c0000000, 0x00000006e1a80000, 0x000000076ab00000)
  object space 551424K, 38% used [0x00000006c0000000,0x00000006cd02ddc0,0x00000006e1a80000)
 Metaspace       used 23506K, capacity 24524K, committed 24832K, reserved 1071104K
  class space    used 2989K, capacity 3233K, committed 3328K, reserved 1048576K
Event: 11.118 GC heap after
Heap after GC invocations=43 (full 5):
 PSYoungGen      total 698368K, used 57528K [0x000000076ab00000, 0x000000079ac80000, 0x00000007c0000000)
  eden space 640000K, 0% used [0x000000076ab00000,0x000000076ab00000,0x0000000791c00000)
  from space 58368K, 98% used [0x0000000795f00000,0x000000079972e370,0x0000000799800000)
  to   space 68608K, 0% used [0x0000000791c00000,0x0000000791c00000,0x0000000795f00000)
 ParOldGen       total 551424K, used 243158K [0x00000006c0000000, 0x00000006e1a80000, 0x000000076ab00000)
  object space 551424K, 44% used [0x00000006c0000000,0x00000006ced759d0,0x00000006e1a80000)
 Metaspace       used 23506K, capacity 24524K, committed 24832K, reserved 1071104K
  class space    used 2989K, capacity 3233K, committed 3328K, reserved 1048576K
}

